[35m[1mScanning dependencies of target forward_kinematics_client[0m
[ 25%] [32m[1mLinking CXX executable /home/gianluca/Desktop/UniversitÃ /Robotica/project_delivery/Robotic_Exercises/Exercise3/devel/.private/forward_kinematics/lib/forward_kinematics/forward_kinematics_server[0m
[ 50%] [32mBuilding CXX object CMakeFiles/forward_kinematics_client.dir/src/forward_kinematic_client.cpp.o[0m
[ 75%] Built target forward_kinematics_server
[01m[K/home/gianluca/Desktop/UniversitÃ /Robotica/project_delivery/Robotic_Exercises/Exercise3/src/forward_kinematics/src/forward_kinematic_client.cpp:[m[K In function â€˜[01m[Kint main(int, char**)[m[Kâ€™:
[01m[K/home/gianluca/Desktop/UniversitÃ /Robotica/project_delivery/Robotic_Exercises/Exercise3/src/forward_kinematics/src/forward_kinematic_client.cpp:77:18:[m[K [01;31m[Kerror: [m[Kâ€˜[01m[KfromMsg[m[Kâ€™ is not a member of â€˜[01m[Ktf2[m[Kâ€™
             tf2::[01;31m[KfromMsg[m[K(srv.response.pose.orientation, myq);
                  [01;31m[K^~~~~~~[m[K
CMakeFiles/forward_kinematics_client.dir/build.make:62: recipe for target 'CMakeFiles/forward_kinematics_client.dir/src/forward_kinematic_client.cpp.o' failed
CMakeFiles/Makefile2:67: recipe for target 'CMakeFiles/forward_kinematics_client.dir/all' failed
Makefile:140: recipe for target 'all' failed
make[2]: *** [CMakeFiles/forward_kinematics_client.dir/src/forward_kinematic_client.cpp.o] Error 1
make[1]: *** [CMakeFiles/forward_kinematics_client.dir/all] Error 2
make: *** [all] Error 2
